Comenzando ejecuciones
Fichero de configuracion procesado con exito
	Nombre: ch130
	Comentario: 130 city problem (Churritz)
	Tipo: TSP
	Dimension: 130
	Tipo de peso de arista: EUC_2D
	Coordenadas de las ciudades:
		ID: 1, X: 334, Y: 161
		ID: 2, X: 397, Y: 262
		ID: 3, X: 503, Y: 172
		ID: 4, X: 444, Y: 384
		ID: 5, X: 311, Y: 2
		ID: 6, X: 662, Y: 549
		ID: 7, X: 40, Y: 187
		ID: 8, X: 526, Y: 215
		ID: 9, X: 209, Y: 691
		ID: 10, X: 683, Y: 414
		ID: 11, X: 280, Y: 5
		ID: 12, X: 252, Y: 535
		ID: 13, X: 698, Y: 348
		ID: 14, X: 678, Y: 410
		ID: 15, X: 220, Y: 409
		ID: 16, X: 355, Y: 76
		ID: 17, X: 296, Y: 313
		ID: 18, X: 504, Y: 240
		ID: 19, X: 224, Y: 358
		ID: 20, X: 470, Y: 309
		ID: 21, X: 554, Y: 279
		ID: 22, X: 567, Y: 352
		ID: 23, X: 599, Y: 361
		ID: 24, X: 240, Y: 430
		ID: 25, X: 32, Y: 345
		ID: 26, X: 91, Y: 148
		ID: 27, X: 248, Y: 343
		ID: 28, X: 488, Y: 3
		ID: 29, X: 206, Y: 437
		ID: 30, X: 575, Y: 141
		ID: 31, X: 282, Y: 329
		ID: 32, X: 27, Y: 424
		ID: 33, X: 568, Y: 287
		ID: 34, X: 269, Y: 295
		ID: 35, X: 417, Y: 341
		ID: 36, X: 32, Y: 448
		ID: 37, X: 561, Y: 357
		ID: 38, X: 342, Y: 492
		ID: 39, X: 399, Y: 156
		ID: 40, X: 571, Y: 375
		ID: 41, X: 370, Y: 151
		ID: 42, X: 509, Y: 435
		ID: 43, X: 177, Y: 295
		ID: 44, X: 526, Y: 409
		ID: 45, X: 316, Y: 65
		ID: 46, X: 469, Y: 281
		ID: 47, X: 572, Y: 373
		ID: 48, X: 29, Y: 330
		ID: 49, X: 454, Y: 537
		ID: 50, X: 416, Y: 227
		ID: 51, X: 535, Y: 471
		ID: 52, X: 265, Y: 684
		ID: 53, X: 478, Y: 509
		ID: 54, X: 370, Y: 332
		ID: 55, X: 598, Y: 446
		ID: 56, X: 201, Y: 649
		ID: 57, X: 193, Y: 680
		ID: 58, X: 448, Y: 532
		ID: 59, X: 603, Y: 134
		ID: 60, X: 543, Y: 481
		ID: 61, X: 214, Y: 43
		ID: 62, X: 426, Y: 61
		ID: 63, X: 89, Y: 277
		ID: 64, X: 84, Y: 31
		ID: 65, X: 220, Y: 623
		ID: 66, X: 688, Y: 0
		ID: 67, X: 687, Y: 373
		ID: 68, X: 75, Y: 312
		ID: 69, X: 63, Y: 23
		ID: 70, X: 97, Y: 211
		ID: 71, X: 399, Y: 170
		ID: 72, X: 456, Y: 597
		ID: 73, X: 319, Y: 626
		ID: 74, X: 295, Y: 664
		ID: 75, X: 288, Y: 667
		ID: 76, X: 268, Y: 52
		ID: 77, X: 140, Y: 513
		ID: 78, X: 689, Y: 167
		ID: 79, X: 280, Y: 458
		ID: 80, X: 453, Y: 282
		ID: 81, X: 213, Y: 525
		ID: 82, X: 133, Y: 677
		ID: 83, X: 521, Y: 132
		ID: 84, X: 30, Y: 450
		ID: 85, X: 657, Y: 39
		ID: 86, X: 6, Y: 23
		ID: 87, X: 252, Y: 535
		ID: 88, X: 42, Y: 63
		ID: 89, X: 145, Y: 399
		ID: 90, X: 638, Y: 62
		ID: 91, X: 489, Y: 665
		ID: 92, X: 361, Y: 564
		ID: 93, X: 519, Y: 347
		ID: 94, X: 129, Y: 435
		ID: 95, X: 259, Y: 454
		ID: 96, X: 676, Y: 371
		ID: 97, X: 84, Y: 183
		ID: 98, X: 77, Y: 354
		ID: 99, X: 335, Y: 660
		ID: 100, X: 264, Y: 377
		ID: 101, X: 51, Y: 676
		ID: 102, X: 692, Y: 543
		ID: 103, X: 169, Y: 547
		ID: 104, X: 194, Y: 263
		ID: 105, X: 415, Y: 78
		ID: 106, X: 415, Y: 479
		ID: 107, X: 169, Y: 245
		ID: 108, X: 525, Y: 213
		ID: 109, X: 238, Y: 33
		ID: 110, X: 116, Y: 363
		ID: 111, X: 16, Y: 656
		ID: 112, X: 434, Y: 92
		ID: 113, X: 40, Y: 424
		ID: 114, X: 530, Y: 183
		ID: 115, X: 484, Y: 49
		ID: 116, X: 263, Y: 426
		ID: 117, X: 450, Y: 126
		ID: 118, X: 441, Y: 299
		ID: 119, X: 24, Y: 500
		ID: 120, X: 503, Y: 514
		ID: 121, X: 635, Y: 200
		ID: 122, X: 614, Y: 418
		ID: 123, X: 21, Y: 660
		ID: 124, X: 143, Y: 92
		ID: 125, X: 637, Y: 54
		ID: 126, X: 566, Y: 199
		ID: 127, X: 196, Y: 221
		ID: 128, X: 384, Y: 87
		ID: 129, X: 178, Y: 104
		ID: 130, X: 403, Y: 205
Matriz de distancias generada con exito
Algoritmo Greedy Aleatorio:
---------------------------
	Parametros del Algoritmo:
		K:	5
	Ejecucion numero 1 del algoritmo Greedy Aleatorio sobre el fichero ch130, con la semilla 77693013:
		Tiempo de ejecucion: 0.0025 segundos
		Distancia Total: 44758.51
	Ejecucion numero 2 del algoritmo Greedy Aleatorio sobre el fichero ch130, con la semilla 76930137:
		Tiempo de ejecucion: 0.0006 segundos
		Distancia Total: 43321.90
	Ejecucion numero 3 del algoritmo Greedy Aleatorio sobre el fichero ch130, con la semilla 69301377:
		Tiempo de ejecucion: 0.0005 segundos
		Distancia Total: 45571.90
	Ejecucion numero 4 del algoritmo Greedy Aleatorio sobre el fichero ch130, con la semilla 93013776:
		Tiempo de ejecucion: 0.0005 segundos
		Distancia Total: 46251.38
	Ejecucion numero 5 del algoritmo Greedy Aleatorio sobre el fichero ch130, con la semilla 21025743:
		Tiempo de ejecucion: 0.0005 segundos
		Distancia Total: 42836.58
Algoritmo de Busqueda Local:
----------------------------
	Parametros del Algoritmo:
		K:	5
		Numero iteraciones:	5000
		Tam entorno dinamico:	8
		Disminucion entorno:	10
		Indice de disminucion:	10
	Ejecucion numero 1 del algoritmo de Busqueda Local sobre el fichero ch130, con la semilla 77693013:
		Tiempo de ejecucion: 0.3391 segundos
		Camino optimo: [16, 33, 30, 99, 26, 18, 115, 28, 23, 14, 94, 37, 78, 11, 80, 86, 72, 105, 91, 57, 59, 50, 5, 54, 101, 13, 9, 66, 12, 95, 121, 43, 41, 52, 119, 48, 71, 90, 73, 98, 74, 56, 81, 8, 51, 55, 64, 102, 110, 122, 100, 118, 83, 35, 112, 31, 76, 93, 24, 47, 97, 109, 88, 42, 67, 62, 6, 96, 69, 106, 103, 126, 40, 70, 0, 53, 1, 49, 45, 79, 117, 17, 20, 19, 34, 3, 92, 22, 46, 39, 36, 21, 32, 107, 7, 113, 82, 29, 120, 89, 65, 84, 77, 125, 58, 124, 27, 114, 61, 104, 111, 116, 2, 129, 38, 127, 44, 15, 10, 4, 108, 75, 60, 128, 123, 68, 63, 25, 87, 85]
		distancia optima: 9578.82
	Ejecucion numero 2 del algoritmo de Busqueda Local sobre el fichero ch130, con la semilla 76930137:
		Tiempo de ejecucion: 0.4693 segundos
		Camino optimo: [53, 34, 43, 92, 19, 3, 91, 37, 80, 102, 64, 11, 86, 94, 78, 115, 26, 18, 99, 14, 23, 28, 93, 88, 112, 31, 47, 24, 97, 109, 42, 16, 30, 33, 103, 106, 62, 67, 6, 96, 123, 128, 68, 63, 85, 87, 25, 69, 126, 0, 40, 15, 44, 75, 60, 108, 10, 4, 127, 38, 70, 129, 1, 49, 117, 79, 45, 17, 7, 107, 2, 113, 125, 58, 29, 82, 116, 104, 61, 111, 114, 27, 65, 84, 89, 124, 77, 120, 20, 32, 22, 13, 5, 101, 9, 66, 95, 12, 121, 54, 46, 39, 21, 36, 41, 50, 59, 119, 105, 52, 57, 48, 71, 90, 98, 72, 73, 74, 51, 8, 56, 55, 76, 83, 35, 118, 81, 100, 110, 122]
		distancia optima: 8834.44
	Ejecucion numero 3 del algoritmo de Busqueda Local sobre el fichero ch130, con la semilla 69301377:
		Tiempo de ejecucion: 0.3427 segundos
		Camino optimo: [30, 126, 128, 123, 108, 10, 4, 44, 75, 127, 15, 104, 61, 27, 65, 84, 77, 89, 124, 114, 111, 116, 82, 2, 38, 70, 40, 0, 1, 79, 20, 92, 3, 19, 34, 117, 43, 41, 59, 119, 50, 5, 101, 9, 13, 66, 12, 120, 95, 54, 121, 22, 39, 46, 21, 36, 32, 29, 58, 125, 113, 107, 7, 17, 45, 49, 129, 33, 16, 53, 99, 26, 18, 14, 23, 115, 28, 88, 93, 76, 102, 11, 86, 80, 94, 78, 37, 91, 105, 57, 48, 71, 52, 90, 98, 51, 8, 74, 73, 72, 64, 55, 81, 56, 100, 110, 122, 118, 83, 109, 97, 112, 35, 31, 47, 24, 67, 42, 103, 106, 62, 6, 25, 69, 96, 60, 63, 87, 85, 68]
		distancia optima: 9503.92
	Ejecucion numero 4 del algoritmo de Busqueda Local sobre el fichero ch130, con la semilla 93013776:
		Tiempo de ejecucion: 0.2632 segundos
		Camino optimo: [53, 117, 34, 3, 43, 36, 46, 39, 32, 17, 20, 107, 7, 2, 113, 82, 116, 111, 114, 27, 84, 124, 89, 65, 77, 120, 58, 125, 29, 1, 0, 126, 106, 42, 103, 18, 26, 16, 33, 30, 99, 115, 14, 23, 109, 88, 94, 28, 78, 91, 37, 105, 57, 48, 71, 90, 119, 52, 59, 50, 41, 54, 121, 101, 5, 13, 9, 95, 22, 66, 12, 21, 92, 19, 79, 45, 49, 129, 70, 38, 40, 104, 61, 127, 44, 15, 4, 10, 75, 108, 60, 128, 123, 85, 87, 68, 63, 25, 96, 69, 6, 62, 67, 47, 24, 97, 35, 31, 112, 93, 76, 102, 81, 100, 8, 56, 51, 73, 74, 64, 11, 80, 86, 98, 72, 55, 118, 83, 110, 122]
		distancia optima: 9409.49
	Ejecucion numero 5 del algoritmo de Busqueda Local sobre el fichero ch130, con la semilla 21025743:
		Tiempo de ejecucion: 0.1938 segundos
		Camino optimo: [1, 49, 40, 70, 79, 117, 45, 19, 43, 92, 32, 17, 20, 34, 53, 14, 23, 80, 11, 86, 37, 99, 18, 62, 97, 25, 6, 31, 83, 118, 35, 112, 47, 24, 67, 69, 96, 63, 68, 85, 87, 123, 128, 60, 10, 4, 108, 75, 15, 44, 0, 127, 27, 114, 61, 104, 111, 116, 82, 124, 89, 29, 58, 2, 107, 7, 125, 113, 38, 129, 16, 30, 33, 26, 42, 103, 126, 106, 109, 93, 88, 76, 55, 64, 56, 81, 122, 100, 110, 102, 28, 94, 78, 115, 3, 41, 59, 121, 95, 120, 21, 22, 39, 46, 36, 50, 52, 119, 105, 48, 57, 71, 91, 72, 74, 8, 51, 98, 73, 90, 5, 54, 101, 9, 13, 12, 66, 77, 84, 65]
		distancia optima: 10550.78
Algoritmo de Busqueda Tabu:
---------------------------
	Parametros del Algoritmo:
		K:	5
		Tam entorno inicial:	8
		Disminucion del entorno:	10.0
		Oscilacion Estrategica:	50.0
		Iteraciones:	5000
		Tendencia Tabu:	10
		Porcentaje de estancamiento:	5
	Ejecucion numero 1 del algoritmo de Busqueda Tabu sobre el fichero ch130, con la semilla 77693013:
		Tiempo de ejecucion: 5.3728 segundos
		Mejor camino: [36, 21, 39, 46, 22, 121, 54, 59, 50, 119, 52, 105, 37, 86, 11, 80, 102, 76, 93, 109, 88, 28, 23, 94, 78, 115, 14, 18, 26, 99, 30, 16, 33, 103, 106, 126, 128, 123, 63, 68, 85, 87, 25, 6, 96, 69, 42, 62, 67, 47, 24, 97, 112, 31, 35, 83, 118, 110, 122, 100, 81, 56, 8, 55, 64, 51, 74, 73, 98, 72, 91, 57, 48, 71, 90, 5, 101, 9, 13, 95, 66, 12, 77, 120, 125, 29, 58, 89, 124, 84, 65, 27, 114, 61, 111, 104, 127, 15, 44, 4, 10, 108, 60, 75, 0, 40, 38, 70, 129, 49, 116, 82, 2, 113, 107, 7, 17, 20, 32, 92, 43, 41, 3, 19, 45, 79, 117, 1, 53, 34]
		Distancia del mejor camino: 6807.30
	Ejecucion numero 2 del algoritmo de Busqueda Tabu sobre el fichero ch130, con la semilla 76930137:
		Tiempo de ejecucion: 5.4059 segundos
		Mejor camino: [14, 28, 23, 115, 94, 78, 86, 11, 80, 102, 76, 93, 88, 109, 97, 67, 62, 47, 24, 112, 31, 35, 83, 118, 110, 122, 100, 81, 56, 8, 55, 64, 51, 74, 73, 98, 72, 91, 37, 105, 52, 119, 59, 50, 41, 43, 3, 34, 53, 1, 49, 129, 70, 38, 40, 0, 33, 16, 30, 99, 26, 18, 42, 103, 126, 106, 69, 96, 6, 25, 87, 85, 68, 63, 123, 128, 60, 108, 75, 10, 4, 44, 15, 127, 104, 111, 116, 82, 2, 113, 107, 7, 17, 45, 79, 117, 19, 92, 36, 46, 39, 54, 121, 22, 21, 32, 20, 125, 58, 29, 114, 61, 27, 65, 84, 124, 89, 77, 120, 12, 66, 95, 13, 9, 101, 5, 90, 71, 57, 48]
		Distancia del mejor camino: 6908.72
	Ejecucion numero 3 del algoritmo de Busqueda Tabu sobre el fichero ch130, con la semilla 69301377:
		Tiempo de ejecucion: 5.4210 segundos
		Mejor camino: [88, 109, 97, 93, 118, 83, 35, 31, 112, 24, 47, 62, 69, 96, 6, 87, 85, 68, 63, 60, 108, 10, 4, 27, 114, 61, 104, 111, 116, 82, 2, 113, 29, 58, 89, 124, 84, 65, 77, 120, 125, 107, 7, 17, 20, 32, 92, 36, 21, 39, 46, 22, 12, 66, 95, 13, 9, 101, 5, 54, 121, 43, 41, 50, 59, 119, 52, 48, 57, 105, 37, 91, 71, 90, 98, 72, 73, 74, 51, 64, 55, 8, 56, 81, 100, 122, 110, 76, 102, 80, 11, 86, 78, 94, 115, 23, 28, 14, 99, 26, 18, 42, 103, 33, 30, 16, 53, 34, 3, 19, 45, 79, 117, 1, 49, 129, 70, 38, 40, 0, 127, 15, 44, 75, 128, 123, 25, 126, 106, 67]
		Distancia del mejor camino: 6827.43
	Ejecucion numero 4 del algoritmo de Busqueda Tabu sobre el fichero ch130, con la semilla 93013776:
		Tiempo de ejecucion: 5.4201 segundos
		Mejor camino: [50, 59, 119, 52, 48, 57, 105, 91, 37, 78, 94, 115, 23, 14, 28, 11, 86, 80, 102, 76, 93, 88, 109, 97, 67, 47, 24, 112, 31, 35, 83, 118, 110, 122, 100, 81, 56, 8, 55, 64, 51, 74, 73, 98, 72, 71, 90, 5, 101, 54, 121, 39, 46, 92, 36, 21, 22, 13, 9, 95, 66, 12, 77, 120, 125, 32, 20, 19, 79, 45, 17, 7, 107, 113, 2, 82, 29, 58, 89, 124, 84, 65, 27, 114, 61, 111, 104, 127, 15, 44, 75, 4, 10, 108, 60, 128, 123, 63, 68, 85, 87, 25, 6, 96, 69, 62, 106, 126, 103, 42, 18, 26, 99, 30, 16, 33, 0, 40, 38, 116, 70, 129, 49, 1, 117, 53, 34, 3, 43, 41]
		Distancia del mejor camino: 6577.66
	Ejecucion numero 5 del algoritmo de Busqueda Tabu sobre el fichero ch130, con la semilla 21025743:
		Tiempo de ejecucion: 5.4229 segundos
		Mejor camino: [74, 51, 8, 56, 81, 100, 122, 110, 118, 83, 35, 31, 112, 24, 47, 97, 109, 67, 62, 106, 69, 96, 6, 25, 87, 85, 68, 63, 123, 128, 60, 108, 75, 10, 4, 44, 15, 127, 104, 111, 61, 27, 114, 116, 82, 29, 58, 89, 124, 84, 65, 77, 120, 125, 20, 32, 21, 36, 39, 46, 22, 95, 12, 66, 13, 9, 101, 5, 121, 54, 59, 50, 119, 52, 57, 48, 71, 90, 98, 73, 72, 91, 37, 105, 41, 43, 92, 3, 34, 53, 117, 19, 79, 45, 17, 7, 107, 113, 2, 49, 1, 129, 70, 38, 40, 0, 126, 103, 42, 33, 16, 30, 26, 18, 99, 115, 23, 94, 78, 11, 86, 80, 28, 14, 88, 93, 76, 102, 64, 55]
		Distancia del mejor camino: 6678.23
Se han concluido todas las ejecuciones sobre el fichero ch130
